0 info it worked if it ends with ok
1 verbose cli [ '/usr/local/bin/node', '/usr/local/bin/npm', 'run', 'task01' ]
2 info using npm@3.10.8
3 info using node@v6.9.1
4 verbose run-script [ 'pretask01', 'task01', 'posttask01' ]
5 info lifecycle app@1.0.0~pretask01: app@1.0.0
6 silly lifecycle app@1.0.0~pretask01: no script for pretask01, continuing
7 info lifecycle app@1.0.0~task01: app@1.0.0
8 verbose lifecycle app@1.0.0~task01: unsafe-perm in lifecycle true
9 verbose lifecycle app@1.0.0~task01: PATH: /usr/local/lib/node_modules/npm/bin/node-gyp-bin:/Users/ltaoo/Documents/html/baiduIfe/phantomJs/node_modules/.bin:/Users/ltaoo/Library/android/sdk/platform-tools/:/usr/local/bin:/usr/bin:/bin:/usr/sbin:/sbin
10 verbose lifecycle app@1.0.0~task01: CWD: /Users/ltaoo/Documents/html/baiduIfe/phantomJs
11 silly lifecycle app@1.0.0~task01: Args: [ '-c', 'phantom task01.js' ]
12 info lifecycle app@1.0.0~task01: Failed to exec task01 script
13 verbose stack Error: app@1.0.0 task01: `phantom task01.js`
13 verbose stack spawn ENOENT
13 verbose stack     at ChildProcess.<anonymous> (/usr/local/lib/node_modules/npm/lib/utils/spawn.js:33:16)
13 verbose stack     at emitTwo (events.js:106:13)
13 verbose stack     at ChildProcess.emit (events.js:191:7)
13 verbose stack     at maybeClose (internal/child_process.js:877:16)
13 verbose stack     at Process.ChildProcess._handle.onexit (internal/child_process.js:226:5)
14 verbose pkgid app@1.0.0
15 verbose cwd /Users/ltaoo/Documents/html/baiduIfe/phantomJs
16 error Darwin 16.4.0
17 error argv "/usr/local/bin/node" "/usr/local/bin/npm" "run" "task01"
18 error node v6.9.1
19 error npm  v3.10.8
20 error file sh
21 error code ELIFECYCLE
22 error errno ENOENT
23 error syscall spawn
24 error app@1.0.0 task01: `phantom task01.js`
24 error spawn ENOENT
25 error Failed at the app@1.0.0 task01 script 'phantom task01.js'.
25 error Make sure you have the latest version of node.js and npm installed.
25 error If you do, this is most likely a problem with the app package,
25 error not with npm itself.
25 error Tell the author that this fails on your system:
25 error     phantom task01.js
25 error You can get information on how to open an issue for this project with:
25 error     npm bugs app
25 error Or if that isn't available, you can get their info via:
25 error     npm owner ls app
25 error There is likely additional logging output above.
26 verbose exit [ 1, true ]
